#
# There is insufficient memory for the Java Runtime Environment to continue.
# Native memory allocation (malloc) failed to allocate 1192176 bytes for Chunk::new
# Possible reasons:
#   The system is out of physical RAM or swap space
#   In 32 bit mode, the process size limit was hit
# Possible solutions:
#   Reduce memory load on the system
#   Increase physical memory or swap space
#   Check if swap backing store is full
#   Use 64 bit Java on a 64 bit OS
#   Decrease Java heap size (-Xmx/-Xms)
#   Decrease number of Java threads
#   Decrease Java thread stack sizes (-Xss)
#   Set larger code cache with -XX:ReservedCodeCacheSize=
# This output file may be truncated or incomplete.
#
#  Out of Memory Error (allocation.cpp:390), pid=25516, tid=0x0000000000006140
#
# JRE version: OpenJDK Runtime Environment (8.0_152-b06) (build 1.8.0_152-release-1136-b06)
# Java VM: OpenJDK 64-Bit Server VM (25.152-b06 mixed mode windows-amd64 compressed oops)
# Failed to write core dump. Minidumps are not enabled by default on client versions of Windows
#

---------------  T H R E A D  ---------------

Current thread (0x0000000016e99000):  JavaThread "C2 CompilerThread0" daemon [_thread_in_native, id=24896, stack(0x00000000194c0000,0x00000000195c0000)]

Stack: [0x00000000194c0000,0x00000000195c0000]
[error occurred during error reporting (printing stack bounds), id 0xc0000005]

Native frames: (J=compiled Java code, j=interpreted, Vv=VM code, C=native code)


Current CompileTask:
C2:2285141 30550 %     4       com.android.tools.r8.ir.regalloc.LinearScanRegisterAllocator::computeDebugInfo @ 829 (1176 bytes)


---------------  P R O C E S S  ---------------

Java Threads: ( => current thread )
  0x000000001d143800 JavaThread "ForkJoinPool.commonPool-worker-2" daemon [_thread_blocked, id=28056, stack(0x000000002da20000,0x000000002db20000)]
  0x000000001d142800 JavaThread "ForkJoinPool.commonPool-worker-7" daemon [_thread_blocked, id=27960, stack(0x000000002d920000,0x000000002da20000)]
  0x000000001d142000 JavaThread "ForkJoinPool.commonPool-worker-6" daemon [_thread_blocked, id=28024, stack(0x000000002d820000,0x000000002d920000)]
  0x000000001d141000 JavaThread "ForkJoinPool.commonPool-worker-5" daemon [_thread_in_Java, id=28044, stack(0x000000002d720000,0x000000002d820000)]
  0x000000001d140800 JavaThread "ForkJoinPool.commonPool-worker-4" daemon [_thread_blocked, id=28052, stack(0x000000002d620000,0x000000002d720000)]
  0x000000001d139000 JavaThread "Exec process Thread 3" [_thread_blocked, id=28072, stack(0x000000002d520000,0x000000002d620000)]
  0x000000001d13f800 JavaThread "Exec process Thread 2" [_thread_blocked, id=27988, stack(0x000000002d420000,0x000000002d520000)]
  0x000000001d13c000 JavaThread "Exec process" [_thread_blocked, id=28204, stack(0x000000002d320000,0x000000002d420000)]
  0x000000001d13c800 JavaThread "ForkJoinPool.commonPool-worker-3" daemon [_thread_in_native, id=27720, stack(0x000000002d220000,0x000000002d320000)]
  0x000000001d13d800 JavaThread "Worker Daemon Execution Thread 3" [_thread_blocked, id=28360, stack(0x000000002d020000,0x000000002d120000)]
  0x000000001d134800 JavaThread "Worker Daemon Execution Thread 2" [_thread_blocked, id=28192, stack(0x000000002cf20000,0x000000002d020000)]
  0x000000001d138000 JavaThread "Worker Daemon Execution" [_thread_blocked, id=27748, stack(0x000000002ce20000,0x000000002cf20000)]
  0x000000001d137800 JavaThread "Worker Daemon Execution Thread 3" [_thread_blocked, id=11692, stack(0x000000002cd20000,0x000000002ce20000)]
  0x000000001d136800 JavaThread "Worker Daemon Execution Thread 2" [_thread_blocked, id=3740, stack(0x000000002cc20000,0x000000002cd20000)]
  0x000000001d13a800 JavaThread "Worker Daemon Execution" [_thread_blocked, id=19280, stack(0x000000002cb20000,0x000000002cc20000)]
  0x000000002152c000 JavaThread "Cache worker for Java compile cache (E:\study\Android\enjoystudy\demo\AndroidAllDemos2\.gradle\4.6\javaCompile)" [_thread_blocked, id=16104, stack(0x000000002c620000,0x000000002c720000)]
  0x0000000021529800 JavaThread "ForkJoinPool.commonPool-worker-0" daemon [_thread_in_native, id=25308, stack(0x000000002c520000,0x000000002c620000)]
  0x000000002152d800 JavaThread "stdout" [_thread_in_native, id=27668, stack(0x000000002c420000,0x000000002c520000)]
  0x000000002152b000 JavaThread "stderr" [_thread_in_native, id=28660, stack(0x000000002c320000,0x000000002c420000)]
  0x0000000021522000 JavaThread "pool-15-thread-1" [_thread_blocked, id=28568, stack(0x000000002c220000,0x000000002c320000)]
  0x0000000021527800 JavaThread "Task worker for ':' Thread 7" [_thread_blocked, id=28332, stack(0x000000002c120000,0x000000002c220000)]
  0x0000000021520000 JavaThread "Task worker for ':' Thread 6" [_thread_blocked, id=28380, stack(0x000000002c020000,0x000000002c120000)]
  0x0000000021526800 JavaThread "Task worker for ':' Thread 5" [_thread_blocked, id=28368, stack(0x000000002bf20000,0x000000002c020000)]
  0x000000002151f000 JavaThread "Task worker for ':' Thread 4" [_thread_blocked, id=28372, stack(0x000000002be20000,0x000000002bf20000)]
  0x0000000021525000 JavaThread "Task worker for ':' Thread 3" [_thread_blocked, id=28376, stack(0x000000002bd20000,0x000000002be20000)]
  0x0000000021523000 JavaThread "Task worker for ':' Thread 2" [_thread_blocked, id=28328, stack(0x000000002bc20000,0x000000002bd20000)]
  0x0000000021524800 JavaThread "Task worker for ':'" [_thread_blocked, id=28340, stack(0x000000002bb20000,0x000000002bc20000)]
  0x0000000021526000 JavaThread "Cache worker for Build Output Cleanup Cache (E:\study\Android\enjoystudy\demo\AndroidAllDemos2\.gradle\buildOutputCleanup)" [_thread_blocked, id=28336, stack(0x000000002ba20000,0x000000002bb20000)]
  0x000000001a1b1000 JavaThread "Cache worker for task history cache (E:\study\Android\enjoystudy\demo\AndroidAllDemos2\.gradle\4.6\taskHistory)" [_thread_blocked, id=28344, stack(0x000000002b920000,0x000000002ba20000)]
  0x000000001a1b0000 JavaThread "Cache worker for file content cache (E:\study\Android\enjoystudy\demo\AndroidAllDemos2\.gradle\4.6\fileContent)" [_thread_blocked, id=27412, stack(0x000000002b820000,0x000000002b920000)]
  0x000000001a1af800 JavaThread "Build operations Thread 8" [_thread_blocked, id=12072, stack(0x000000002b720000,0x000000002b820000)]
  0x000000001a1ae800 JavaThread "Build operations Thread 7" [_thread_blocked, id=9484, stack(0x000000002b620000,0x000000002b720000)]
  0x000000001a1ae000 JavaThread "Build operations Thread 6" [_thread_blocked, id=27012, stack(0x000000002b520000,0x000000002b620000)]
  0x000000001a1ad000 JavaThread "Build operations Thread 5" [_thread_blocked, id=27260, stack(0x000000002b420000,0x000000002b520000)]
  0x000000001a1ac800 JavaThread "Build operations Thread 4" [_thread_blocked, id=27448, stack(0x000000002b320000,0x000000002b420000)]
  0x000000001a1ab800 JavaThread "Build operations Thread 3" [_thread_blocked, id=20492, stack(0x000000002b220000,0x000000002b320000)]
  0x000000001a1a5800 JavaThread "Build operations Thread 2" [_thread_blocked, id=6512, stack(0x000000002b120000,0x000000002b220000)]
  0x000000001a1a8000 JavaThread "Build operations" [_thread_blocked, id=25216, stack(0x000000002b020000,0x000000002b120000)]
  0x000000001a1a8800 JavaThread "Cache worker for Artifact transforms cache (C:\Users\Wang\.gradle\caches\transforms-1)" [_thread_blocked, id=27820, stack(0x000000002af20000,0x000000002b020000)]
  0x000000001a1a4000 JavaThread "Cache worker for file hash cache (E:\study\Android\enjoystudy\demo\AndroidAllDemos2\.gradle\4.6\fileHashes)" [_thread_blocked, id=27824, stack(0x000000002ae20000,0x000000002af20000)]
  0x000000001a1ab000 JavaThread "Asynchronous log dispatcher for DefaultDaemonConnection: socket connection from /127.0.0.1:62530 to /127.0.0.1:63504" [_thread_blocked, id=27964, stack(0x000000002ac20000,0x000000002ad20000)]
  0x000000001a1aa000 JavaThread "Daemon worker Thread 3" [_thread_blocked, id=27816, stack(0x000000002ab20000,0x000000002ac20000)]
  0x000000001a1a2800 JavaThread "Cancel handler" [_thread_blocked, id=25624, stack(0x000000002aa20000,0x000000002ab20000)]
  0x000000001a1a9800 JavaThread "Handler for socket connection from /127.0.0.1:62530 to /127.0.0.1:63504" [_thread_in_native, id=24052, stack(0x000000002a920000,0x000000002aa20000)]
  0x000000001a1a6800 JavaThread "Daemon Thread 3" [_thread_blocked, id=23972, stack(0x000000002a820000,0x000000002a920000)]
  0x000000001a29c800 JavaThread "pool-1-thread-1" [_thread_blocked, id=9972, stack(0x00000000248a0000,0x00000000249a0000)]
  0x0000000018e0a800 JavaThread "Memory manager" [_thread_blocked, id=20032, stack(0x00000000247a0000,0x00000000248a0000)]
  0x000000001aece000 JavaThread "File lock request listener" [_thread_in_native, id=22864, stack(0x000000001c340000,0x000000001c440000)]
  0x000000001ae82000 JavaThread "Cache worker for file hash cache (C:\Users\Wang\.gradle\caches\4.6\fileHashes)" [_thread_blocked, id=25196, stack(0x000000001c240000,0x000000001c340000)]
  0x000000001abe9000 JavaThread "Daemon periodic checks" [_thread_blocked, id=26268, stack(0x000000001b640000,0x000000001b740000)]
  0x000000001a9af800 JavaThread "Incoming local TCP Connector on port 62530" [_thread_in_native, id=26008, stack(0x000000001b490000,0x000000001b590000)]
  0x0000000018e96000 JavaThread "Service Thread" daemon [_thread_blocked, id=25164, stack(0x00000000198c0000,0x00000000199c0000)]
  0x0000000018e06000 JavaThread "C1 CompilerThread3" daemon [_thread_blocked, id=9440, stack(0x00000000197c0000,0x00000000198c0000)]
  0x0000000018dfb800 JavaThread "C2 CompilerThread2" daemon [_thread_in_native, id=26340, stack(0x00000000196c0000,0x00000000197c0000)]
  0x0000000016e9c000 JavaThread "C2 CompilerThread1" daemon [_thread_in_native, id=24216, stack(0x00000000195c0000,0x00000000196c0000)]
=>0x0000000016e99000 JavaThread "C2 CompilerThread0" daemon [_thread_in_native, id=24896, stack(0x00000000194c0000,0x00000000195c0000)]
  0x0000000018def800 JavaThread "Attach Listener" daemon [_thread_blocked, id=24224, stack(0x00000000193c0000,0x00000000194c0000)]
  0x0000000018d9c800 JavaThread "Signal Dispatcher" daemon [_thread_blocked, id=25016, stack(0x00000000192c0000,0x00000000193c0000)]
  0x00000000030ce800 JavaThread "Finalizer" daemon [_thread_blocked, id=25116, stack(0x0000000019160000,0x0000000019260000)]
  0x0000000016e8b800 JavaThread "Reference Handler" daemon [_thread_blocked, id=23548, stack(0x0000000018c60000,0x0000000018d60000)]
  0x000000000135d800 JavaThread "main" [_thread_blocked, id=24412, stack(0x0000000002ed0000,0x0000000002fd0000)]

Other Threads:
  0x0000000016e85800 VMThread [stack: 0x0000000018b60000,0x0000000018c60000] [id=24748]
  0x0000000018e96800 WatcherThread [stack: 0x00000000199c0000,0x0000000019ac0000] [id=228]

VM state:not at safepoint (normal execution)

VM Mutex/Monitor currently owned by a thread: None

Heap:
 PSYoungGen      total 473088K, used 409080K [0x00000000e0000000, 0x00000000ff980000, 0x0000000100000000)
  eden space 428032K, 92% used [0x00000000e0000000,0x00000000f83ad7a0,0x00000000fa200000)
  from space 45056K, 26% used [0x00000000fcd80000,0x00000000fd950bb0,0x00000000ff980000)
  to   space 44544K, 0% used [0x00000000fa200000,0x00000000fa200000,0x00000000fcd80000)
 ParOldGen       total 244224K, used 154409K [0x00000000a0000000, 0x00000000aee80000, 0x00000000e0000000)
  object space 244224K, 63% used [0x00000000a0000000,0x00000000a96ca588,0x00000000aee80000)
 Metaspace       used 116396K, capacity 121690K, committed 121932K, reserved 1155072K
  class space    used 14257K, capacity 15322K, committed 15476K, reserved 1048576K

Card table byte_map: [0x0000000012490000,0x00000000127a0000] byte_map_base: 0x0000000011f90000

Marking Bits: (ParMarkBitMap*) 0x0000000057615aa0
 Begin Bits: [0x00000000131a0000, 0x00000000149a0000)
 End Bits:   [0x00000000149a0000, 0x00000000161a0000)

Polling page: 0x0000000001310000

CodeCache: size=245760Kb used=84050Kb max_used=84056Kb free=161709Kb
 bounds [0x00000000030d0000, 0x0000000008360000, 0x00000000120d0000]
 total_blobs=24486 nmethods=23551 adapters=844
 compilation: enabled

Compilation events (10 events):
Event: 2284.867 Thread 0x0000000018e06000 30603       2       com.android.tools.r8.code.MonitorEnter::write (7 bytes)
Event: 2284.868 Thread 0x0000000018e06000 nmethod 30603 0x0000000008332cd0 code [0x0000000008332e40, 0x0000000008332fe8]
Event: 2285.032 Thread 0x0000000016e9c000 nmethod 28798 0x00000000083410d0 code [0x0000000008341940, 0x000000000834a6a8]
Event: 2285.033 Thread 0x0000000016e9c000 30597       4       com.android.tools.r8.ir.optimize.CodeRewriter::shortenLiveRanges (482 bytes)
Event: 2285.104 Thread 0x0000000016e9c000 nmethod 30597 0x000000000833ae90 code [0x000000000833b100, 0x000000000833c220]
Event: 2285.104 Thread 0x0000000016e9c000 30604       4       com.android.tools.r8.ir.optimize.DeadCodeRemover::removeDeadCode (103 bytes)
Event: 2285.110 Thread 0x0000000018e06000 30605       1       com.android.tools.r8.code.ShlIntLit8::getOpcode (4 bytes)
Event: 2285.111 Thread 0x0000000018e06000 nmethod 30605 0x00000000083219d0 code [0x0000000008321b20, 0x0000000008321c30]
Event: 2285.121 Thread 0x0000000018e06000 30606 %     3       com.android.tools.r8.ir.regalloc.LiveIntervals::splitBefore @ 357 (459 bytes)
Event: 2285.125 Thread 0x0000000018e06000 nmethod 30606% 0x0000000008357190 code [0x0000000008357600, 0x000000000835a1b8]

GC Heap History (10 events):
Event: 2278.188 GC heap before
{Heap before GC invocations=57 (full 5):
 PSYoungGen      total 453632K, used 404189K [0x00000000e0000000, 0x00000000ffb00000, 0x0000000100000000)
  eden space 394240K, 100% used [0x00000000e0000000,0x00000000f8100000,0x00000000f8100000)
  from space 59392K, 16% used [0x00000000f8100000,0x00000000f8ab7628,0x00000000fbb00000)
  to   space 56832K, 0% used [0x00000000fc380000,0x00000000fc380000,0x00000000ffb00000)
 ParOldGen       total 244224K, used 105345K [0x00000000a0000000, 0x00000000aee80000, 0x00000000e0000000)
  object space 244224K, 43% used [0x00000000a0000000,0x00000000a66e0598,0x00000000aee80000)
 Metaspace       used 116212K, capacity 121498K, committed 121676K, reserved 1155072K
  class space    used 14255K, capacity 15322K, committed 15476K, reserved 1048576K
Event: 2278.217 GC heap after
Heap after GC invocations=57 (full 5):
 PSYoungGen      total 461312K, used 15054K [0x00000000e0000000, 0x00000000ff780000, 0x0000000100000000)
  eden space 408064K, 0% used [0x00000000e0000000,0x00000000e0000000,0x00000000f8e80000)
  from space 53248K, 28% used [0x00000000fc380000,0x00000000fd233840,0x00000000ff780000)
  to   space 53760K, 0% used [0x00000000f8e80000,0x00000000f8e80000,0x00000000fc300000)
 ParOldGen       total 244224K, used 111556K [0x00000000a0000000, 0x00000000aee80000, 0x00000000e0000000)
  object space 244224K, 45% used [0x00000000a0000000,0x00000000a6cf10f8,0x00000000aee80000)
 Metaspace       used 116212K, capacity 121498K, committed 121676K, reserved 1155072K
  class space    used 14255K, capacity 15322K, committed 15476K, reserved 1048576K
}
Event: 2278.984 GC heap before
{Heap before GC invocations=58 (full 5):
 PSYoungGen      total 461312K, used 423118K [0x00000000e0000000, 0x00000000ff780000, 0x0000000100000000)
  eden space 408064K, 100% used [0x00000000e0000000,0x00000000f8e80000,0x00000000f8e80000)
  from space 53248K, 28% used [0x00000000fc380000,0x00000000fd233840,0x00000000ff780000)
  to   space 53760K, 0% used [0x00000000f8e80000,0x00000000f8e80000,0x00000000fc300000)
 ParOldGen       total 244224K, used 111556K [0x00000000a0000000, 0x00000000aee80000, 0x00000000e0000000)
  object space 244224K, 45% used [0x00000000a0000000,0x00000000a6cf10f8,0x00000000aee80000)
 Metaspace       used 116268K, capacity 121626K, committed 121932K, reserved 1155072K
  class space    used 14256K, capacity 15322K, committed 15476K, reserved 1048576K
Event: 2279.011 GC heap after
Heap after GC invocations=58 (full 5):
 PSYoungGen      total 461824K, used 12818K [0x00000000e0000000, 0x00000000ffb80000, 0x0000000100000000)
  eden space 408064K, 0% used [0x00000000e0000000,0x00000000e0000000,0x00000000f8e80000)
  from space 53760K, 23% used [0x00000000f8e80000,0x00000000f9b04910,0x00000000fc300000)
  to   space 51200K, 0% used [0x00000000fc980000,0x00000000fc980000,0x00000000ffb80000)
 ParOldGen       total 244224K, used 121980K [0x00000000a0000000, 0x00000000aee80000, 0x00000000e0000000)
  object space 244224K, 49% used [0x00000000a0000000,0x00000000a771f2f8,0x00000000aee80000)
 Metaspace       used 116268K, capacity 121626K, committed 121932K, reserved 1155072K
  class space    used 14256K, capacity 15322K, committed 15476K, reserved 1048576K
}
Event: 2279.938 GC heap before
{Heap before GC invocations=59 (full 5):
 PSYoungGen      total 461824K, used 420782K [0x00000000e0000000, 0x00000000ffb80000, 0x0000000100000000)
  eden space 408064K, 99% used [0x00000000e0000000,0x00000000f8e670d8,0x00000000f8e80000)
  from space 53760K, 23% used [0x00000000f8e80000,0x00000000f9b04910,0x00000000fc300000)
  to   space 51200K, 0% used [0x00000000fc980000,0x00000000fc980000,0x00000000ffb80000)
 ParOldGen       total 244224K, used 121980K [0x00000000a0000000, 0x00000000aee80000, 0x00000000e0000000)
  object space 244224K, 49% used [0x00000000a0000000,0x00000000a771f2f8,0x00000000aee80000)
 Metaspace       used 116275K, capacity 121626K, committed 121932K, reserved 1155072K
  class space    used 14256K, capacity 15322K, committed 15476K, reserved 1048576K
Event: 2279.966 GC heap after
Heap after GC invocations=59 (full 5):
 PSYoungGen      total 468480K, used 9589K [0x00000000e0000000, 0x00000000ff980000, 0x0000000100000000)
  eden space 419328K, 0% used [0x00000000e0000000,0x00000000e0000000,0x00000000f9980000)
  from space 49152K, 19% used [0x00000000fc980000,0x00000000fd2dd6c0,0x00000000ff980000)
  to   space 49152K, 0% used [0x00000000f9980000,0x00000000f9980000,0x00000000fc980000)
 ParOldGen       total 244224K, used 133228K [0x00000000a0000000, 0x00000000aee80000, 0x00000000e0000000)
  object space 244224K, 54% used [0x00000000a0000000,0x00000000a821b2c8,0x00000000aee80000)
 Metaspace       used 116275K, capacity 121626K, committed 121932K, reserved 1155072K
  class space    used 14256K, capacity 15322K, committed 15476K, reserved 1048576K
}
Event: 2280.982 GC heap before
{Heap before GC invocations=60 (full 5):
 PSYoungGen      total 468480K, used 428917K [0x00000000e0000000, 0x00000000ff980000, 0x0000000100000000)
  eden space 419328K, 100% used [0x00000000e0000000,0x00000000f9980000,0x00000000f9980000)
  from space 49152K, 19% used [0x00000000fc980000,0x00000000fd2dd6c0,0x00000000ff980000)
  to   space 49152K, 0% used [0x00000000f9980000,0x00000000f9980000,0x00000000fc980000)
 ParOldGen       total 244224K, used 133228K [0x00000000a0000000, 0x00000000aee80000, 0x00000000e0000000)
  object space 244224K, 54% used [0x00000000a0000000,0x00000000a821b2c8,0x00000000aee80000)
 Metaspace       used 116326K, capacity 121626K, committed 121932K, reserved 1155072K
  class space    used 14256K, capacity 15322K, committed 15476K, reserved 1048576K
Event: 2281.017 GC heap after
Heap after GC invocations=60 (full 5):
 PSYoungGen      total 468480K, used 18851K [0x00000000e0000000, 0x00000000ffb00000, 0x0000000100000000)
  eden space 419328K, 0% used [0x00000000e0000000,0x00000000e0000000,0x00000000f9980000)
  from space 49152K, 38% used [0x00000000f9980000,0x00000000fabe8c50,0x00000000fc980000)
  to   space 46592K, 0% used [0x00000000fcd80000,0x00000000fcd80000,0x00000000ffb00000)
 ParOldGen       total 244224K, used 141475K [0x00000000a0000000, 0x00000000aee80000, 0x00000000e0000000)
  object space 244224K, 57% used [0x00000000a0000000,0x00000000a8a28eb8,0x00000000aee80000)
 Metaspace       used 116326K, capacity 121626K, committed 121932K, reserved 1155072K
  class space    used 14256K, capacity 15322K, committed 15476K, reserved 1048576K
}
Event: 2282.354 GC heap before
{Heap before GC invocations=61 (full 5):
 PSYoungGen      total 468480K, used 438179K [0x00000000e0000000, 0x00000000ffb00000, 0x0000000100000000)
  eden space 419328K, 100% used [0x00000000e0000000,0x00000000f9980000,0x00000000f9980000)
  from space 49152K, 38% used [0x00000000f9980000,0x00000000fabe8c50,0x00000000fc980000)
  to   space 46592K, 0% used [0x00000000fcd80000,0x00000000fcd80000,0x00000000ffb00000)
 ParOldGen       total 244224K, used 141475K [0x00000000a0000000, 0x00000000aee80000, 0x00000000e0000000)
  object space 244224K, 57% used [0x00000000a0000000,0x00000000a8a28f78,0x00000000aee80000)
 Metaspace       used 116350K, capacity 121690K, committed 121932K, reserved 1155072K
  class space    used 14257K, capacity 15322K, committed 15476K, reserved 1048576K
Event: 2282.392 GC heap after
Heap after GC invocations=61 (full 5):
 PSYoungGen      total 473088K, used 12098K [0x00000000e0000000, 0x00000000ff980000, 0x0000000100000000)
  eden space 428032K, 0% used [0x00000000e0000000,0x00000000e0000000,0x00000000fa200000)
  from space 45056K, 26% used [0x00000000fcd80000,0x00000000fd950bb0,0x00000000ff980000)
  to   space 44544K, 0% used [0x00000000fa200000,0x00000000fa200000,0x00000000fcd80000)
 ParOldGen       total 244224K, used 154409K [0x00000000a0000000, 0x00000000aee80000, 0x00000000e0000000)
  object space 244224K, 63% used [0x00000000a0000000,0x00000000a96ca588,0x00000000aee80000)
 Metaspace       used 116350K, capacity 121690K, committed 121932K, reserved 1155072K
  class space    used 14257K, capacity 15322K, committed 15476K, reserved 1048576K
}

Deoptimization events (10 events):
Event: 2277.611 Thread 0x000000001d142800 Uncommon trap: reason=class_check action=maybe_recompile pc=0x0000000007c97a90 method=com.android.tools.r8.ir.optimize.CodeRewriter.rewriteMoveResult(Lcom/android/tools/r8/ir/code/IRCode;)V @ 130
Event: 2277.615 Thread 0x000000001d142800 Uncommon trap: reason=class_check action=maybe_recompile pc=0x0000000007c97a90 method=com.android.tools.r8.ir.optimize.CodeRewriter.rewriteMoveResult(Lcom/android/tools/r8/ir/code/IRCode;)V @ 130
Event: 2279.814 Thread 0x000000001d13c800 Uncommon trap: reason=unstable_if action=reinterpret pc=0x0000000007f21580 method=com.android.tools.r8.ir.conversion.JarState$Slot.isReferenceCompatible(Lcom/android/tools/r8/org/objectweb/asm/Type;Lcom/android/tools/r8/org/objectweb/asm/Type;)Z @ 107
Event: 2280.196 Thread 0x000000001d141000 Uncommon trap: reason=unstable_if action=reinterpret pc=0x00000000080756f8 method=java.util.TimSort.mergeHi(IIII)V @ 584
Event: 2280.208 Thread 0x000000001d141000 Uncommon trap: reason=unstable_if action=reinterpret pc=0x0000000007ee54e0 method=java.util.TimSort.mergeLo(IIII)V @ 529
Event: 2280.219 Thread 0x000000001d141000 Uncommon trap: reason=unstable_if action=reinterpret pc=0x00000000071b1160 method=com.android.tools.r8.dex.DexOutputBuffer.ensureSpaceFor(I)V @ 8
Event: 2280.226 Thread 0x000000001d142000 Uncommon trap: reason=class_check action=maybe_recompile pc=0x00000000057e3754 method=com.android.tools.r8.ir.code.BasicBlock.isTrivialGoto()Z @ 15
Event: 2280.226 Thread 0x000000001d142000 Uncommon trap: reason=class_check action=maybe_recompile pc=0x00000000057e3754 method=com.android.tools.r8.ir.code.BasicBlock.isTrivialGoto()Z @ 15
Event: 2280.273 Thread 0x000000001d13c800 Uncommon trap: reason=class_check action=maybe_recompile pc=0x00000000057e3754 method=com.android.tools.r8.ir.code.BasicBlock.isTrivialGoto()Z @ 15
Event: 2280.273 Thread 0x000000001d13c800 Uncommon trap: reason=class_check action=maybe_recompile pc=0x00000000057e3754 method=com.android.tools.r8.ir.code.BasicBlock.isTrivialGoto()Z @ 15

Classes redefined (0 events):
No events

Internal exceptions (10 events):
Event: 2285.061 Thread 0x0000000021529800 Exception <a 'sun/nio/fs/WindowsException'> (0x00000000f72c94e0) thrown at [D:\src\AOSP-openjdk-cygwin\jdk8u\hotspot\src\share\vm\prims\jni.cpp, line 709]
Event: 2285.064 Thread 0x000000001d13c800 Exception <a 'sun/nio/fs/WindowsException'> (0x00000000f7795cf0) thrown at [D:\src\AOSP-openjdk-cygwin\jdk8u\hotspot\src\share\vm\prims\jni.cpp, line 709]
Event: 2285.075 Thread 0x0000000021529800 Exception <a 'sun/nio/fs/WindowsException'> (0x00000000f72d2738) thrown at [D:\src\AOSP-openjdk-cygwin\jdk8u\hotspot\src\share\vm\prims\jni.cpp, line 709]
Event: 2285.077 Thread 0x000000001d13c800 Exception <a 'sun/nio/fs/WindowsException'> (0x00000000f77da978) thrown at [D:\src\AOSP-openjdk-cygwin\jdk8u\hotspot\src\share\vm\prims\jni.cpp, line 709]
Event: 2285.088 Thread 0x000000001d13c800 Exception <a 'sun/nio/fs/WindowsException'> (0x00000000f77e4cf8) thrown at [D:\src\AOSP-openjdk-cygwin\jdk8u\hotspot\src\share\vm\prims\jni.cpp, line 709]
Event: 2285.094 Thread 0x0000000021529800 Exception <a 'sun/nio/fs/WindowsException'> (0x00000000f801bd60) thrown at [D:\src\AOSP-openjdk-cygwin\jdk8u\hotspot\src\share\vm\prims\jni.cpp, line 709]
Event: 2285.102 Thread 0x000000001d13c800 Exception <a 'sun/nio/fs/WindowsException'> (0x00000000f77ea1c0) thrown at [D:\src\AOSP-openjdk-cygwin\jdk8u\hotspot\src\share\vm\prims\jni.cpp, line 709]
Event: 2285.111 Thread 0x0000000021529800 Exception <a 'sun/nio/fs/WindowsException'> (0x00000000f80743e0) thrown at [D:\src\AOSP-openjdk-cygwin\jdk8u\hotspot\src\share\vm\prims\jni.cpp, line 709]
Event: 2285.116 Thread 0x000000001d13c800 Exception <a 'sun/nio/fs/WindowsException'> (0x00000000f77ef5a0) thrown at [D:\src\AOSP-openjdk-cygwin\jdk8u\hotspot\src\share\vm\prims\jni.cpp, line 709]
Event: 2285.135 Thread 0x000000001d13c800 Exception <a 'sun/nio/fs/WindowsException'> (0x00000000f77f4a38) thrown at [D:\src\AOSP-openjdk-cygwin\jdk8u\hotspot\src\share\vm\prims\jni.cpp, line 709]

Events (10 events):
Event: 2283.651 Thread 0x000000001d141000 DEOPT PACKING pc=0x00000000057c6b30 sp=0x000000002d81db20
Event: 2283.651 Thread 0x000000001d141000 DEOPT UNPACKING pc=0x00000000031175d0 sp=0x000000002d81d9c0 mode 0
Event: 2283.857 Thread 0x000000001d141000 DEOPT PACKING pc=0x0000000006dc1fdd sp=0x000000002d81da00
Event: 2283.857 Thread 0x000000001d141000 DEOPT UNPACKING pc=0x00000000031175d0 sp=0x000000002d81d720 mode 0
Event: 2283.959 Thread 0x000000001d141000 DEOPT PACKING pc=0x000000000755d113 sp=0x000000002d81d7b0
Event: 2283.959 Thread 0x000000001d141000 DEOPT UNPACKING pc=0x00000000031175d0 sp=0x000000002d81d4d0 mode 0
Event: 2284.265 Thread 0x000000001d141000 DEOPT PACKING pc=0x0000000006dc1fdd sp=0x000000002d81da00
Event: 2284.265 Thread 0x000000001d141000 DEOPT UNPACKING pc=0x00000000031175d0 sp=0x000000002d81d720 mode 0
Event: 2285.121 Thread 0x000000001d141000 DEOPT PACKING pc=0x0000000006dc1fdd sp=0x000000002d81da00
Event: 2285.121 Thread 0x000000001d141000 DEOPT UNPACKING pc=0x00000000031175d0 sp=0x000000002d81d720 mode 0


Dynamic libraries:
0x00007ff63af00000 - 0x00007ff63af31000 	E:\study\Android\tools\AndroidStudio3.2\path\jre\bin\java.exe
0x00007ffc6ee50000 - 0x00007ffc6f03d000 	C:\WINDOWS\SYSTEM32\ntdll.dll
0x00007ffc6d1d0000 - 0x00007ffc6d283000 	C:\WINDOWS\System32\KERNEL32.DLL
0x00007ffc6b040000 - 0x00007ffc6b2d3000 	C:\WINDOWS\System32\KERNELBASE.dll
0x00007ffc6cf60000 - 0x00007ffc6d003000 	C:\WINDOWS\System32\ADVAPI32.dll
0x00007ffc6c3c0000 - 0x00007ffc6c45e000 	C:\WINDOWS\System32\msvcrt.dll
0x00007ffc6eb40000 - 0x00007ffc6ebde000 	C:\WINDOWS\System32\sechost.dll
0x00007ffc6ea10000 - 0x00007ffc6eb32000 	C:\WINDOWS\System32\RPCRT4.dll
0x00007ffc6cdc0000 - 0x00007ffc6cf57000 	C:\WINDOWS\System32\USER32.dll
0x00007ffc6b020000 - 0x00007ffc6b040000 	C:\WINDOWS\System32\win32u.dll
0x00007ffc6c210000 - 0x00007ffc6c239000 	C:\WINDOWS\System32\GDI32.dll
0x00007ffc6bfc0000 - 0x00007ffc6c15a000 	C:\WINDOWS\System32\gdi32full.dll
0x00007ffc6b4f0000 - 0x00007ffc6b590000 	C:\WINDOWS\System32\msvcp_win.dll
0x00007ffc6b3c0000 - 0x00007ffc6b4ba000 	C:\WINDOWS\System32\ucrtbase.dll
0x00007ffc5eda0000 - 0x00007ffc5f019000 	C:\WINDOWS\WinSxS\amd64_microsoft.windows.common-controls_6595b64144ccf1df_6.0.17763.503_none_05b23ef40721f4ae\COMCTL32.dll
0x00007ffc6c4c0000 - 0x00007ffc6c7ec000 	C:\WINDOWS\System32\combase.dll
0x00007ffc6b340000 - 0x00007ffc6b3be000 	C:\WINDOWS\System32\bcryptPrimitives.dll
0x00007ffc6e920000 - 0x00007ffc6e94e000 	C:\WINDOWS\System32\IMM32.DLL
0x0000000056d70000 - 0x0000000056e42000 	E:\study\Android\tools\AndroidStudio3.2\path\jre\jre\bin\msvcr100.dll
0x0000000056e50000 - 0x0000000057691000 	E:\study\Android\tools\AndroidStudio3.2\path\jre\jre\bin\server\jvm.dll
0x00007ffc6cdb0000 - 0x00007ffc6cdb8000 	C:\WINDOWS\System32\PSAPI.DLL
0x00007ffc67a00000 - 0x00007ffc67a24000 	C:\WINDOWS\SYSTEM32\WINMM.dll
0x00007ffc53980000 - 0x00007ffc53989000 	C:\WINDOWS\SYSTEM32\WSOCK32.dll
0x00007ffc61090000 - 0x00007ffc6109a000 	C:\WINDOWS\SYSTEM32\VERSION.dll
0x00007ffc6d290000 - 0x00007ffc6d2fd000 	C:\WINDOWS\System32\WS2_32.dll
0x00007ffc679a0000 - 0x00007ffc679cd000 	C:\WINDOWS\SYSTEM32\WINMMBASE.dll
0x00007ffc6bce0000 - 0x00007ffc6bd2a000 	C:\WINDOWS\System32\cfgmgr32.dll
0x00007ffc68c50000 - 0x00007ffc68c5f000 	E:\study\Android\tools\AndroidStudio3.2\path\jre\jre\bin\verify.dll
0x00007ffc65ba0000 - 0x00007ffc65bc9000 	E:\study\Android\tools\AndroidStudio3.2\path\jre\jre\bin\java.dll
0x00007ffc66830000 - 0x00007ffc66846000 	E:\study\Android\tools\AndroidStudio3.2\path\jre\jre\bin\zip.dll
0x00007ffc6d430000 - 0x00007ffc6e920000 	C:\WINDOWS\System32\SHELL32.dll
0x00007ffc6c160000 - 0x00007ffc6c208000 	C:\WINDOWS\System32\shcore.dll
0x00007ffc6b590000 - 0x00007ffc6bcda000 	C:\WINDOWS\System32\windows.storage.dll
0x00007ffc6afd0000 - 0x00007ffc6aff4000 	C:\WINDOWS\System32\profapi.dll
0x00007ffc6af30000 - 0x00007ffc6af8d000 	C:\WINDOWS\System32\powrprof.dll
0x00007ffc6e9b0000 - 0x00007ffc6ea02000 	C:\WINDOWS\System32\shlwapi.dll
0x00007ffc6afb0000 - 0x00007ffc6afc1000 	C:\WINDOWS\System32\kernel.appcore.dll
0x00007ffc6b000000 - 0x00007ffc6b017000 	C:\WINDOWS\System32\cryptsp.dll
0x00007ffc65b80000 - 0x00007ffc65b9a000 	E:\study\Android\tools\AndroidStudio3.2\path\jre\jre\bin\net.dll
0x00007ffc6a7b0000 - 0x00007ffc6a817000 	C:\WINDOWS\system32\mswsock.dll
0x00007ffc65ad0000 - 0x00007ffc65ae1000 	E:\study\Android\tools\AndroidStudio3.2\path\jre\jre\bin\nio.dll
0x00007ffc65b10000 - 0x00007ffc65b2e000 	C:\Users\Wang\.gradle\native\25\windows-amd64\native-platform.dll
0x00007ffc68c40000 - 0x00007ffc68c4d000 	E:\study\Android\tools\AndroidStudio3.2\path\jre\jre\bin\management.dll
0x00007ffc6a370000 - 0x00007ffc6a3a3000 	C:\WINDOWS\system32\rsaenh.dll
0x00007ffc6b4c0000 - 0x00007ffc6b4e6000 	C:\WINDOWS\System32\bcrypt.dll
0x00007ffc6ae30000 - 0x00007ffc6ae58000 	C:\WINDOWS\SYSTEM32\USERENV.dll
0x00007ffc6a980000 - 0x00007ffc6a98c000 	C:\WINDOWS\SYSTEM32\CRYPTBASE.dll
0x00007ffc6a510000 - 0x00007ffc6a54d000 	C:\WINDOWS\SYSTEM32\IPHLPAPI.DLL
0x00007ffc6d1c0000 - 0x00007ffc6d1c8000 	C:\WINDOWS\System32\NSI.dll
0x00007ffc60ed0000 - 0x00007ffc60ee6000 	C:\WINDOWS\SYSTEM32\dhcpcsvc6.DLL
0x00007ffc610a0000 - 0x00007ffc610bc000 	C:\WINDOWS\SYSTEM32\dhcpcsvc.DLL
0x00007ffc6a550000 - 0x00007ffc6a616000 	C:\WINDOWS\SYSTEM32\DNSAPI.dll
0x00007ffc64df0000 - 0x00007ffc64e14000 	E:\study\Android\tools\AndroidStudio3.2\path\jre\jre\bin\sunec.dll
0x00007ffc58260000 - 0x00007ffc5836d000 	C:\WINDOWS\SysWOW64\ierd_tgp_lsp64.dll
0x00007ffc6c240000 - 0x00007ffc6c395000 	C:\WINDOWS\System32\ole32.dll
0x00007ffc595b0000 - 0x00007ffc595ba000 	C:\WINDOWS\system32\wshqos.dll
0x00007ffc59530000 - 0x00007ffc59538000 	C:\WINDOWS\SYSTEM32\wshtcpip.DLL
0x00007ffc59520000 - 0x00007ffc59528000 	C:\WINDOWS\SYSTEM32\wship6.dll
0x00007ffc5bac0000 - 0x00007ffc5baca000 	C:\Windows\System32\rasadhlp.dll
0x00007ffc5cf80000 - 0x00007ffc5cff9000 	C:\WINDOWS\System32\fwpuclnt.dll
0x00007ffc65a60000 - 0x00007ffc65a6b000 	E:\study\Android\tools\AndroidStudio3.2\path\jre\jre\bin\sunmscapi.dll
0x00007ffc6bd30000 - 0x00007ffc6bf0b000 	C:\WINDOWS\System32\CRYPT32.dll
0x00007ffc6af90000 - 0x00007ffc6afa2000 	C:\WINDOWS\System32\MSASN1.dll
0x00007ffc69ff0000 - 0x00007ffc6a021000 	C:\WINDOWS\SYSTEM32\ntmarta.dll
0x00007ffc691f0000 - 0x00007ffc6927c000 	C:\WINDOWS\system32\apphelp.dll

VM Arguments:
jvm_args: -Xmx1536m -Dfile.encoding=GBK -Duser.country=CN -Duser.language=zh -Duser.variant 
java_command: org.gradle.launcher.daemon.bootstrap.GradleDaemon 4.6
java_class_path (initial): C:\Users\Wang\.gradle\wrapper\dists\gradle-4.6-all\bcst21l2brirad8k2ben1letg\gradle-4.6\lib\gradle-launcher-4.6.jar
Launcher Type: SUN_STANDARD

Environment Variables:
PATH=C:\Windows\system32;C:\Windows;C:\Windows\System32\Wbem;C:\Windows\System32\WindowsPowerShell\v1.0\;C:\Program Files\Intel\WiFi\bin\;C:\Program Files\Common Files\Intel\WirelessCommon\;C:\Program Files (x86)\NVIDIA Corporation\PhysX\Common;E:\study\Android\tools\AndroidStudio3.2\sdk\platform-tools;;C:\WINDOWS\system32;C:\WINDOWS;C:\WINDOWS\System32\Wbem;C:\WINDOWS\System32\WindowsPowerShell\v1.0\;C:\WINDOWS\System32\OpenSSH\;E:\study\Git\git\Git\cmd;C:\Program Files\Intel\WiFi\bin\;C:\Program Files\Common Files\Intel\WirelessCommon\;C:\Users\Wang\AppData\Local\BypassRuntm;%USERPROFILE%\AppData\Local\Microsoft\WindowsApps;
USERNAME=Wang
OS=Windows_NT
PROCESSOR_IDENTIFIER=Intel64 Family 6 Model 142 Stepping 10, GenuineIntel



---------------  S Y S T E M  ---------------

OS: Windows 10.0 , 64 bit Build 17763 (10.0.17763.475)

CPU:total 8 (initial active 8) (4 cores per cpu, 2 threads per core) family 6 model 142 stepping 10, cmov, cx8, fxsr, mmx, sse, sse2, sse3, ssse3, sse4.1, sse4.2, popcnt, avx, avx2, aes, clmul, erms, 3dnowpref, lzcnt, ht, tsc, tscinvbit, bmi1, bmi2, adx

Memory: 4k page, physical 8295652k(423220k free), swap 14849252k(5784k free)

vm_info: OpenJDK 64-Bit Server VM (25.152-b06) for windows-amd64 JRE (1.8.0_152-release-1136-b06), built by "builder" with MS VC++ 10.0 (VS2010)

time: Fri May 31 23:11:21 2019
elapsed time: 2285 seconds (0d 0h 38m 5s)

